{"name": "login success", "status": "broken", "statusDetails": {"message": "selenium.common.exceptions.NoSuchElementException: Message: no such element: Unable to locate element: {\"method\":\"xpath\",\"selector\":\"//input[@id='identifsssssierId']\"}\n  (Session info: chrome=73.0.3683.103)\n  (Driver info: chromedriver=2.45.615355 (d5698f682d8b2742017df6c81e0bd8e6a3063189),platform=Mac OS X 10.13.6 x86_64)\n\n", "trace": "  File \"/usr/local/lib/python3.7/site-packages/behave/model.py\", line 1329, in run\n    match.run(runner.context)\n  File \"/usr/local/lib/python3.7/site-packages/behave/matchers.py\", line 98, in run\n    self.func(context, *args, **kwargs)\n  File \"features/steps/login_google.py\", line 16, in step\n    driver.browser.find_element_by_xpath(\"//input[@id='identifsssssierId']\").send_keys('irwansyarifudin16@gmail.com')\n  File \"/usr/local/lib/python3.7/site-packages/selenium/webdriver/remote/webdriver.py\", line 394, in find_element_by_xpath\n    return self.find_element(by=By.XPATH, value=xpath)\n  File \"/usr/local/lib/python3.7/site-packages/selenium/webdriver/remote/webdriver.py\", line 978, in find_element\n    'value': value})['value']\n  File \"/usr/local/lib/python3.7/site-packages/selenium/webdriver/remote/webdriver.py\", line 321, in execute\n    self.error_handler.check_response(response)\n  File \"/usr/local/lib/python3.7/site-packages/selenium/webdriver/remote/errorhandler.py\", line 242, in check_response\n    raise exception_class(message, screen, stacktrace)\n"}, "steps": [{"name": "Given Access url Login", "status": "passed", "start": 1556706319175, "stop": 1556706321279}, {"name": "And Click button Sign In", "status": "passed", "start": 1556706321280, "stop": 1556706323092}, {"name": "When Fill Email", "status": "broken", "statusDetails": {"message": "selenium.common.exceptions.NoSuchElementException: Message: no such element: Unable to locate element: {\"method\":\"xpath\",\"selector\":\"//input[@id='identifsssssierId']\"}\n  (Session info: chrome=73.0.3683.103)\n  (Driver info: chromedriver=2.45.615355 (d5698f682d8b2742017df6c81e0bd8e6a3063189),platform=Mac OS X 10.13.6 x86_64)\n\n", "trace": "  File \"/usr/local/lib/python3.7/site-packages/behave/model.py\", line 1329, in run\n    match.run(runner.context)\n  File \"/usr/local/lib/python3.7/site-packages/behave/matchers.py\", line 98, in run\n    self.func(context, *args, **kwargs)\n  File \"features/steps/login_google.py\", line 16, in step\n    driver.browser.find_element_by_xpath(\"//input[@id='identifsssssierId']\").send_keys('irwansyarifudin16@gmail.com')\n  File \"/usr/local/lib/python3.7/site-packages/selenium/webdriver/remote/webdriver.py\", line 394, in find_element_by_xpath\n    return self.find_element(by=By.XPATH, value=xpath)\n  File \"/usr/local/lib/python3.7/site-packages/selenium/webdriver/remote/webdriver.py\", line 978, in find_element\n    'value': value})['value']\n  File \"/usr/local/lib/python3.7/site-packages/selenium/webdriver/remote/webdriver.py\", line 321, in execute\n    self.error_handler.check_response(response)\n  File \"/usr/local/lib/python3.7/site-packages/selenium/webdriver/remote/errorhandler.py\", line 242, in check_response\n    raise exception_class(message, screen, stacktrace)\n"}, "start": 1556706323092, "stop": 1556706323113}, {"name": "And Click Button Next", "status": "skipped", "start": 1556706323114, "stop": 1556706323114}, {"name": "Then I should see element password", "status": "skipped", "start": 1556706323114, "stop": 1556706323114}], "start": 1556706319174, "stop": 1556706323114, "uuid": "74c57acd-b0b3-4da8-ba5c-cb1370b7eb43", "historyId": "a33917dc53598d5d10f0708815b34e03", "labels": [{"name": "severity", "value": "normal"}, {"name": "feature", "value": "login google"}, {"name": "framework", "value": "behave"}, {"name": "language", "value": "cpython3"}]}